生成启动时间为 2017/9/1 18:36:15。
     1>项目“I:\小学期软件实践\xiaozueqi123\小学期软工社会实践项目.vcxproj”在节点 2 上(Rebuild 个目标)。
     1>ClCompile:
         F:\编程软件\VC\bin\CL.exe /c /ZI /nologo /W3 /WX- /sdl- /Od /Oy- /D WIN32 /D _DEBUG /D _CONSOLE /D _LIB /D _UNICODE /D UNICODE /Gm /EHsc /RTC1 /MDd /GS /fp:precise /Zc:wchar_t /Zc:forScope /Fo"Debug\\" /Fd"Debug\vc120.pdb" /Gd /TP /analyze- /errorReport:prompt do_int.cpp "主函数.cpp"
         主函数.cpp
     1>i:\小学期软件实践\xiaozueqi123\主函数.cpp(80): warning C4996: 'freopen': This function or variable may be unsafe. Consider using freopen_s instead. To disable deprecation, use _CRT_SECURE_NO_WARNINGS. See online help for details.
                 f:\编程软件\vc\include\stdio.h(226) : 参见“freopen”的声明
         do_int.cpp
         正在生成代码...
     1>i:\小学期软件实践\xiaozueqi123\token.h(226): warning C4715: “get_token”: 不是所有的控件路径都返回值
     1>i:\小学期软件实践\xiaozueqi123\token.h(226): warning C4715: “get_token”: 不是所有的控件路径都返回值
       Link:
         F:\编程软件\VC\bin\link.exe /ERRORREPORT:PROMPT /OUT:"I:\小学期软件实践\xiaozueqi123\Debug\小学期软工社会实践项目.exe" /INCREMENTAL /NOLOGO kernel32.lib user32.lib gdi32.lib winspool.lib comdlg32.lib advapi32.lib shell32.lib ole32.lib oleaut32.lib uuid.lib odbc32.lib odbccp32.lib /MANIFEST /MANIFESTUAC:"level='asInvoker' uiAccess='false'" /manifest:embed /DEBUG /PDB:"I:\小学期软件实践\xiaozueqi123\Debug\小学期软工社会实践项目.pdb" /SUBSYSTEM:CONSOLE /TLBID:1 /DYNAMICBASE /NXCOMPAT /IMPLIB:"I:\小学期软件实践\xiaozueqi123\Debug\小学期软工社会实践项目.lib" /MACHINE:X86 Debug\do_int.obj
         "Debug\主函数.obj"
     1>主函数.obj : error LNK2005: "void __cdecl buffer_char(char)" (?buffer_char@@YAXD@Z) 已经在 do_int.obj 中定义
     1>主函数.obj : error LNK2005: "enum token_types __cdecl check_reserved(void)" (?check_reserved@@YA?AW4token_types@@XZ) 已经在 do_int.obj 中定义
     1>主函数.obj : error LNK2005: "void __cdecl clear_buffer(void)" (?clear_buffer@@YAXXZ) 已经在 do_int.obj 中定义
     1>主函数.obj : error LNK2005: "enum token_types __cdecl get_token(void)" (?get_token@@YA?AW4token_types@@XZ) 已经在 do_int.obj 中定义
     1>主函数.obj : error LNK2005: "void __cdecl lexical_error(char)" (?lexical_error@@YAXD@Z) 已经在 do_int.obj 中定义
     1>主函数.obj : error LNK2005: "int p_" (?p_@@3HA) 已经在 do_int.obj 中定义
     1>主函数.obj : error LNK2005: "char * token_buffer" (?token_buffer@@3PADA) 已经在 do_int.obj 中定义
     1>I:\小学期软件实践\xiaozueqi123\Debug\小学期软工社会实践项目.exe : fatal error LNK1169: 找到一个或多个多重定义的符号
     1>已完成生成项目“I:\小学期软件实践\xiaozueqi123\小学期软工社会实践项目.vcxproj”(Rebuild 个目标)的操作 - 失败。

生成失败。

已用时间 00:00:01.08
